[12-May-2017 07:39:11 UTC] PHP Parse error:  syntax error, unexpected '$_data' (T_VARIABLE) in /var/www/public/wp-content/themes/challenge-theme/functions.php on line 48
[12-May-2017 07:39:17 UTC] PHP Parse error:  syntax error, unexpected '$_data' (T_VARIABLE) in /var/www/public/wp-content/themes/challenge-theme/functions.php on line 48
[12-May-2017 19:19:03 UTC] PHP Parse error:  syntax error, unexpected 'endif' (T_ENDIF) in /var/www/public/wp-content/themes/challenge-theme/functions.php on line 100
[12-May-2017 19:21:04 UTC] PHP Parse error:  syntax error, unexpected 'endif' (T_ENDIF) in /var/www/public/wp-content/themes/challenge-theme/functions.php on line 100
[12-May-2017 19:21:35 UTC] PHP Parse error:  syntax error, unexpected 'endif' (T_ENDIF) in /var/www/public/wp-content/themes/challenge-theme/functions.php on line 100
[12-May-2017 19:22:12 UTC] PHP Parse error:  syntax error, unexpected 'endif' (T_ENDIF) in /var/www/public/wp-content/themes/challenge-theme/functions.php on line 100
[12-May-2017 19:25:53 UTC] PHP Fatal error:  Call to undefined function sanitize_text_fielf() in /var/www/public/wp-content/themes/challenge-theme/functions.php on line 94
[12-May-2017 21:32:11 UTC] PHP Warning:  Missing argument 3 for show_category(), called in /var/www/public/wp-content/themes/challenge-theme/functions.php on line 117 and defined in /var/www/public/wp-content/themes/challenge-theme/functions.php on line 86
[12-May-2017 21:32:11 UTC] PHP Warning:  Missing argument 3 for show_fields(), called in /var/www/public/wp-content/themes/challenge-theme/functions.php on line 118 and defined in /var/www/public/wp-content/themes/challenge-theme/functions.php on line 82
[12-May-2017 21:33:04 UTC] PHP Parse error:  syntax error, unexpected '0' (T_LNUMBER), expecting ')' in /var/www/public/wp-content/themes/challenge-theme/functions.php on line 119
[12-May-2017 21:33:30 UTC] PHP Warning:  Missing argument 3 for show_category(), called in /var/www/public/wp-content/themes/challenge-theme/functions.php on line 117 and defined in /var/www/public/wp-content/themes/challenge-theme/functions.php on line 86
[12-May-2017 21:33:30 UTC] PHP Warning:  Missing argument 3 for show_fields(), called in /var/www/public/wp-content/themes/challenge-theme/functions.php on line 118 and defined in /var/www/public/wp-content/themes/challenge-theme/functions.php on line 82
[12-May-2017 21:34:22 UTC] PHP Warning:  Missing argument 3 for show_category(), called in /var/www/public/wp-content/themes/challenge-theme/functions.php on line 117 and defined in /var/www/public/wp-content/themes/challenge-theme/functions.php on line 86
[12-May-2017 21:34:22 UTC] PHP Warning:  Missing argument 3 for show_fields(), called in /var/www/public/wp-content/themes/challenge-theme/functions.php on line 118 and defined in /var/www/public/wp-content/themes/challenge-theme/functions.php on line 82
[12-May-2017 21:44:31 UTC] PHP Warning:  Missing argument 3 for show_category(), called in /var/www/public/wp-content/themes/challenge-theme/functions.php on line 130 and defined in /var/www/public/wp-content/themes/challenge-theme/functions.php on line 86
[12-May-2017 21:44:31 UTC] PHP Warning:  Missing argument 3 for show_fields(), called in /var/www/public/wp-content/themes/challenge-theme/functions.php on line 131 and defined in /var/www/public/wp-content/themes/challenge-theme/functions.php on line 82
[12-May-2017 21:51:41 UTC] PHP Warning:  Missing argument 3 for show_category(), called in /var/www/public/wp-content/themes/challenge-theme/functions.php on line 130 and defined in /var/www/public/wp-content/themes/challenge-theme/functions.php on line 86
[12-May-2017 21:51:41 UTC] PHP Warning:  Missing argument 3 for show_fields(), called in /var/www/public/wp-content/themes/challenge-theme/functions.php on line 131 and defined in /var/www/public/wp-content/themes/challenge-theme/functions.php on line 82
[12-May-2017 21:51:52 UTC] PHP Warning:  Missing argument 3 for show_category(), called in /var/www/public/wp-content/themes/challenge-theme/functions.php on line 130 and defined in /var/www/public/wp-content/themes/challenge-theme/functions.php on line 86
[12-May-2017 21:51:52 UTC] PHP Warning:  Missing argument 3 for show_fields(), called in /var/www/public/wp-content/themes/challenge-theme/functions.php on line 131 and defined in /var/www/public/wp-content/themes/challenge-theme/functions.php on line 82
[12-May-2017 21:54:29 UTC] PHP Warning:  Missing argument 3 for show_category(), called in /var/www/public/wp-content/themes/challenge-theme/functions.php on line 130 and defined in /var/www/public/wp-content/themes/challenge-theme/functions.php on line 86
[12-May-2017 21:54:29 UTC] PHP Warning:  Missing argument 3 for show_fields(), called in /var/www/public/wp-content/themes/challenge-theme/functions.php on line 131 and defined in /var/www/public/wp-content/themes/challenge-theme/functions.php on line 82
[12-May-2017 21:55:11 UTC] PHP Warning:  Missing argument 3 for show_category(), called in /var/www/public/wp-content/themes/challenge-theme/functions.php on line 130 and defined in /var/www/public/wp-content/themes/challenge-theme/functions.php on line 86
[12-May-2017 21:55:11 UTC] PHP Warning:  Missing argument 3 for show_fields(), called in /var/www/public/wp-content/themes/challenge-theme/functions.php on line 131 and defined in /var/www/public/wp-content/themes/challenge-theme/functions.php on line 82
[12-May-2017 21:55:43 UTC] PHP Warning:  Missing argument 3 for show_category(), called in /var/www/public/wp-content/themes/challenge-theme/functions.php on line 130 and defined in /var/www/public/wp-content/themes/challenge-theme/functions.php on line 86
[12-May-2017 21:55:43 UTC] PHP Warning:  Missing argument 3 for show_fields(), called in /var/www/public/wp-content/themes/challenge-theme/functions.php on line 131 and defined in /var/www/public/wp-content/themes/challenge-theme/functions.php on line 82
[12-May-2017 21:56:26 UTC] PHP Warning:  Missing argument 3 for show_category(), called in /var/www/public/wp-content/themes/challenge-theme/functions.php on line 130 and defined in /var/www/public/wp-content/themes/challenge-theme/functions.php on line 86
[12-May-2017 21:56:26 UTC] PHP Warning:  Missing argument 3 for show_fields(), called in /var/www/public/wp-content/themes/challenge-theme/functions.php on line 131 and defined in /var/www/public/wp-content/themes/challenge-theme/functions.php on line 82
[12-May-2017 21:57:10 UTC] PHP Warning:  Missing argument 3 for show_category(), called in /var/www/public/wp-content/themes/challenge-theme/functions.php on line 130 and defined in /var/www/public/wp-content/themes/challenge-theme/functions.php on line 86
[12-May-2017 21:57:10 UTC] PHP Warning:  Missing argument 3 for show_fields(), called in /var/www/public/wp-content/themes/challenge-theme/functions.php on line 131 and defined in /var/www/public/wp-content/themes/challenge-theme/functions.php on line 82
[12-May-2017 21:57:13 UTC] PHP Warning:  Missing argument 3 for show_category(), called in /var/www/public/wp-content/themes/challenge-theme/functions.php on line 130 and defined in /var/www/public/wp-content/themes/challenge-theme/functions.php on line 86
[12-May-2017 21:57:13 UTC] PHP Warning:  Missing argument 3 for show_fields(), called in /var/www/public/wp-content/themes/challenge-theme/functions.php on line 131 and defined in /var/www/public/wp-content/themes/challenge-theme/functions.php on line 82
[12-May-2017 21:58:18 UTC] PHP Warning:  Missing argument 3 for show_category(), called in /var/www/public/wp-content/themes/challenge-theme/functions.php on line 130 and defined in /var/www/public/wp-content/themes/challenge-theme/functions.php on line 86
[12-May-2017 21:58:18 UTC] PHP Warning:  Missing argument 3 for show_fields(), called in /var/www/public/wp-content/themes/challenge-theme/functions.php on line 131 and defined in /var/www/public/wp-content/themes/challenge-theme/functions.php on line 82
[12-May-2017 22:00:16 UTC] PHP Warning:  Missing argument 3 for show_category(), called in /var/www/public/wp-content/themes/challenge-theme/functions.php on line 130 and defined in /var/www/public/wp-content/themes/challenge-theme/functions.php on line 86
[12-May-2017 22:00:16 UTC] PHP Warning:  Missing argument 3 for show_fields(), called in /var/www/public/wp-content/themes/challenge-theme/functions.php on line 131 and defined in /var/www/public/wp-content/themes/challenge-theme/functions.php on line 82
[12-May-2017 22:02:51 UTC] PHP Warning:  Missing argument 3 for show_category(), called in /var/www/public/wp-content/themes/challenge-theme/functions.php on line 130 and defined in /var/www/public/wp-content/themes/challenge-theme/functions.php on line 86
[12-May-2017 22:02:51 UTC] PHP Warning:  Missing argument 3 for show_fields(), called in /var/www/public/wp-content/themes/challenge-theme/functions.php on line 131 and defined in /var/www/public/wp-content/themes/challenge-theme/functions.php on line 82
[12-May-2017 22:04:51 UTC] PHP Warning:  Missing argument 3 for show_category(), called in /var/www/public/wp-content/themes/challenge-theme/functions.php on line 130 and defined in /var/www/public/wp-content/themes/challenge-theme/functions.php on line 86
[12-May-2017 22:04:51 UTC] PHP Warning:  Missing argument 3 for show_fields(), called in /var/www/public/wp-content/themes/challenge-theme/functions.php on line 131 and defined in /var/www/public/wp-content/themes/challenge-theme/functions.php on line 82
[12-May-2017 22:21:08 UTC] PHP Warning:  Missing argument 3 for show_category(), called in /var/www/public/wp-content/themes/challenge-theme/functions.php on line 130 and defined in /var/www/public/wp-content/themes/challenge-theme/functions.php on line 86
[12-May-2017 22:21:08 UTC] PHP Warning:  Missing argument 3 for show_fields(), called in /var/www/public/wp-content/themes/challenge-theme/functions.php on line 131 and defined in /var/www/public/wp-content/themes/challenge-theme/functions.php on line 82
[12-May-2017 22:22:19 UTC] PHP Warning:  Missing argument 3 for show_category(), called in /var/www/public/wp-content/themes/challenge-theme/functions.php on line 130 and defined in /var/www/public/wp-content/themes/challenge-theme/functions.php on line 86
[12-May-2017 22:22:19 UTC] PHP Warning:  Missing argument 3 for show_fields(), called in /var/www/public/wp-content/themes/challenge-theme/functions.php on line 131 and defined in /var/www/public/wp-content/themes/challenge-theme/functions.php on line 82
[12-May-2017 22:24:30 UTC] PHP Warning:  Missing argument 3 for show_category(), called in /var/www/public/wp-content/themes/challenge-theme/functions.php on line 130 and defined in /var/www/public/wp-content/themes/challenge-theme/functions.php on line 86
[12-May-2017 22:24:30 UTC] PHP Warning:  Missing argument 3 for show_fields(), called in /var/www/public/wp-content/themes/challenge-theme/functions.php on line 131 and defined in /var/www/public/wp-content/themes/challenge-theme/functions.php on line 82
[12-May-2017 22:24:43 UTC] PHP Warning:  Missing argument 3 for show_category(), called in /var/www/public/wp-content/themes/challenge-theme/functions.php on line 130 and defined in /var/www/public/wp-content/themes/challenge-theme/functions.php on line 86
[12-May-2017 22:24:43 UTC] PHP Warning:  Missing argument 3 for show_fields(), called in /var/www/public/wp-content/themes/challenge-theme/functions.php on line 131 and defined in /var/www/public/wp-content/themes/challenge-theme/functions.php on line 82
[12-May-2017 22:30:29 UTC] PHP Warning:  Missing argument 3 for show_category(), called in /var/www/public/wp-content/themes/challenge-theme/functions.php on line 130 and defined in /var/www/public/wp-content/themes/challenge-theme/functions.php on line 86
[12-May-2017 22:30:29 UTC] PHP Warning:  Missing argument 3 for show_fields(), called in /var/www/public/wp-content/themes/challenge-theme/functions.php on line 131 and defined in /var/www/public/wp-content/themes/challenge-theme/functions.php on line 82
[12-May-2017 22:39:48 UTC] PHP Warning:  Missing argument 3 for show_category(), called in /var/www/public/wp-content/themes/challenge-theme/functions.php on line 130 and defined in /var/www/public/wp-content/themes/challenge-theme/functions.php on line 86
[12-May-2017 22:39:48 UTC] PHP Warning:  Missing argument 3 for show_fields(), called in /var/www/public/wp-content/themes/challenge-theme/functions.php on line 131 and defined in /var/www/public/wp-content/themes/challenge-theme/functions.php on line 82
[12-May-2017 22:41:16 UTC] PHP Warning:  Missing argument 3 for show_category(), called in /var/www/public/wp-content/themes/challenge-theme/functions.php on line 130 and defined in /var/www/public/wp-content/themes/challenge-theme/functions.php on line 86
[12-May-2017 22:41:16 UTC] PHP Warning:  Missing argument 3 for show_fields(), called in /var/www/public/wp-content/themes/challenge-theme/functions.php on line 131 and defined in /var/www/public/wp-content/themes/challenge-theme/functions.php on line 82
[23-May-2017 03:17:43 UTC] PHP Warning:  Missing argument 3 for show_category(), called in /var/www/public/wp-content/themes/challenge-theme/functions.php on line 130 and defined in /var/www/public/wp-content/themes/challenge-theme/functions.php on line 86
[23-May-2017 03:17:43 UTC] PHP Warning:  Missing argument 3 for show_fields(), called in /var/www/public/wp-content/themes/challenge-theme/functions.php on line 131 and defined in /var/www/public/wp-content/themes/challenge-theme/functions.php on line 82
